<?xml version="1.0" encoding="UTF-8"?>
<!-- Generated by org.testng.reporters.JUnitReportReporter -->
<testsuite hostname="MAC-AZR-214" failures="0" tests="1" name="drivenDemo.DataDriven_Testing" time="8.241" errors="0" timestamp="2024-12-20T15:51:05 IST" skipped="0">
  <testcase classname="drivenDemo.DataDriven_Testing" name="test" time="8.241"/>
  <system-out/>
</testsuite> <!-- drivenDemo.DataDriven_Testing -->
