<?xml version="1.0" encoding="UTF-8"?>
<!-- Generated by org.testng.reporters.JUnitReportReporter -->
<testsuite hostname="MAC-AZR-214" failures="0" tests="1" name="testpackage.testclass$fbtest" time="7.044" errors="0" timestamp="2024-12-18T13:38:31 IST" skipped="0">
  <testcase classname="testpackage.testclass$fbtest" name="verifyLoginWithvalidCred" time="7.044"/>
  <system-out/>
</testsuite> <!-- testpackage.testclass$fbtest -->
